[debug] [2022-11-26T16:16:39.958Z] ----------------------------------------------------------------------
[debug] [2022-11-26T16:16:39.959Z] Command:       /usr/local/bin/node /usr/local/bin/firebase init
[debug] [2022-11-26T16:16:39.959Z] CLI Version:   11.16.1
[debug] [2022-11-26T16:16:39.959Z] Platform:      darwin
[debug] [2022-11-26T16:16:39.959Z] Node Version:  v16.16.0
[debug] [2022-11-26T16:16:39.960Z] Time:          Sat Nov 26 2022 21:46:39 GMT+0530 (India Standard Time)
[debug] [2022-11-26T16:16:39.960Z] ----------------------------------------------------------------------
[debug] 
[debug] [2022-11-26T16:16:39.963Z] > command requires scopes: ["email","openid","https://www.googleapis.com/auth/cloudplatformprojects.readonly","https://www.googleapis.com/auth/firebase","https://www.googleapis.com/auth/cloud-platform"]
[debug] [2022-11-26T16:16:39.963Z] > authorizing via signed-in user (yyyuvraj11@gmail.com)
[info] 
     ######## #### ########  ######## ########     ###     ######  ########
     ##        ##  ##     ## ##       ##     ##  ##   ##  ##       ##
     ######    ##  ########  ######   ########  #########  ######  ######
     ##        ##  ##    ##  ##       ##     ## ##     ##       ## ##
     ##       #### ##     ## ######## ########  ##     ##  ######  ########

You're about to initialize a Firebase project in this directory:

  /Users/yuvraj/Desktop/overstock-MERN-app

[info] 
=== Project Setup
[info] 
[info] First, let's associate this project directory with a Firebase project.
[info] You can create multiple project aliases by running firebase use --add, 
[info] but for now we'll just set up a default project.
[info] 
[debug] [2022-11-26T16:16:56.844Z] >>> [apiv2][query] GET https://firebase.googleapis.com/v1beta1/projects pageSize=100
[debug] [2022-11-26T16:16:57.769Z] <<< [apiv2][status] GET https://firebase.googleapis.com/v1beta1/projects 200
[debug] [2022-11-26T16:16:57.770Z] <<< [apiv2][body] GET https://firebase.googleapis.com/v1beta1/projects [omitted]
[info] i  Using project backend-55d2f (backend--) 
[info] 
=== Hosting Setup
[info] 
[info] Your public directory is the folder (relative to your project directory) that
[info] will contain Hosting assets to be uploaded with firebase deploy. If you
[info] have a build process for your assets, use your build's output directory.
[info] 
[debug] [2022-11-26T16:17:14.015Z] >>> [apiv2][query] GET https://www.gstatic.com/firebasejs/releases.json [none]
[debug] [2022-11-26T16:17:14.338Z] <<< [apiv2][status] GET https://www.gstatic.com/firebasejs/releases.json 200
[debug] [2022-11-26T16:17:14.339Z] <<< [apiv2][body] GET https://www.gstatic.com/firebasejs/releases.json {"current":{"version":"9.14.0","browserURL":"https://www.gstatic.com/firebasejs/9.14.0/firebase.js","packageURL":"https://www.gstatic.com/firebasejs/9.14.0/firebase.tgz"},"live":{"version":"9.14","browserURL":"https://www.gstatic.com/firebasejs/live/9.14/firebase.js","packageURL":"https://www.gstatic.com/firebasejs/live/9.14/firebase.tgz"},"components":{"analytics":"https://www.gstatic.com/firebasejs/9.14.0/firebase-analytics.js","app":"https://www.gstatic.com/firebasejs/9.14.0/firebase-app.js","app-check":"https://www.gstatic.com/firebasejs/9.14.0/firebase-app-check.js","auth":"https://www.gstatic.com/firebasejs/9.14.0/firebase-auth.js","auth/cordova":"https://www.gstatic.com/firebasejs/9.14.0/firebase-auth/cordova.js","auth/react-native":"https://www.gstatic.com/firebasejs/9.14.0/firebase-auth/react-native.js","functions":"https://www.gstatic.com/firebasejs/9.14.0/firebase-functions.js","firestore":"https://www.gstatic.com/firebasejs/9.14.0/firebase-firestore.js","firestore/lite":"https://www.gstatic.com/firebasejs/9.14.0/firebase-firestore/lite.js","installations":"https://www.gstatic.com/firebasejs/9.14.0/firebase-installations.js","storage":"https://www.gstatic.com/firebasejs/9.14.0/firebase-storage.js","performance":"https://www.gstatic.com/firebasejs/9.14.0/firebase-performance.js","remote-config":"https://www.gstatic.com/firebasejs/9.14.0/firebase-remote-config.js","messaging":"https://www.gstatic.com/firebasejs/9.14.0/firebase-messaging.js","messaging/sw":"https://www.gstatic.com/firebasejs/9.14.0/firebase-messaging/sw.js","database":"https://www.gstatic.com/firebasejs/9.14.0/firebase-database.js","firestore.memory":"https://www.gstatic.com/firebasejs/9.14.0/firebase-firestore.memory.js"}}
[info] i  Skipping write of public/index.html 
[info] 
[info] i  Detected a .git folder at /Users/yuvraj/Desktop/overstock-MERN-app 
[info] i  Authorizing with GitHub to upload your service account to a GitHub repository's secrets store. 
[info] 
[info] Visit this URL on this device to log in:
[info] https://github.com/login/oauth/authorize?client_id=89cf50f02ac6aaed3484&state=417657328&redirect_uri=http%3A%2F%2Flocalhost%3A9005&scope=read%3Auser%20repo%20public_repo
[info] 
[info] Waiting for authentication...
[debug] [2022-11-26T16:17:27.789Z] >>> [apiv2][query] POST https://github.com/login/oauth/access_token [none]
[debug] [2022-11-26T16:17:27.791Z] >>> [apiv2][body] POST https://github.com/login/oauth/access_token [stream]
[debug] [2022-11-26T16:17:28.225Z] <<< [apiv2][status] POST https://github.com/login/oauth/access_token 200
[debug] [2022-11-26T16:17:28.226Z] <<< [apiv2][body] POST https://github.com/login/oauth/access_token {"access_token":"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","token_type":"bearer","scope":"read:user,repo"}
[debug] [2022-11-26T16:17:28.235Z] >>> [apiv2][query] GET https://api.github.com/user [none]
[debug] [2022-11-26T16:17:28.736Z] <<< [apiv2][status] GET https://api.github.com/user 200
[debug] [2022-11-26T16:17:28.737Z] <<< [apiv2][body] GET https://api.github.com/user {"login":"yuvraj99-cell","id":84410406,"node_id":"MDQ6VXNlcjg0NDEwNDA2","avatar_url":"https://avatars.githubusercontent.com/u/84410406?v=4","gravatar_id":"","url":"https://api.github.com/users/yuvraj99-cell","html_url":"https://github.com/yuvraj99-cell","followers_url":"https://api.github.com/users/yuvraj99-cell/followers","following_url":"https://api.github.com/users/yuvraj99-cell/following{/other_user}","gists_url":"https://api.github.com/users/yuvraj99-cell/gists{/gist_id}","starred_url":"https://api.github.com/users/yuvraj99-cell/starred{/owner}{/repo}","subscriptions_url":"https://api.github.com/users/yuvraj99-cell/subscriptions","organizations_url":"https://api.github.com/users/yuvraj99-cell/orgs","repos_url":"https://api.github.com/users/yuvraj99-cell/repos","events_url":"https://api.github.com/users/yuvraj99-cell/events{/privacy}","received_events_url":"https://api.github.com/users/yuvraj99-cell/received_events","type":"User","site_admin":false,"name":"Yuvraj","company":null,"blog":"https://yuvrajyadavportfolio.netlify.app/","location":null,"email":null,"hireable":null,"bio":"tech-savvy Full Stack Web Developer Proficient in entire front-end and site server languages like React-Js, Node-Js, Express, and MongoDB.Committed and enthusia","twitter_username":null,"public_repos":10,"public_gists":0,"followers":1,"following":2,"created_at":"2021-05-18T18:54:59Z","updated_at":"2022-11-26T13:09:58Z","private_gists":0,"total_private_repos":6,"owned_private_repos":6,"disk_usage":32309,"collaborators":3,"two_factor_authentication":false,"plan":{"name":"free","space":976562499,"collaborators":0,"private_repos":10000}}
[info] 
[info] ✔  Success! Logged into GitHub as yuvraj99-cell 
[info] 
[debug] [2022-11-26T16:17:43.659Z] >>> [apiv2][query] GET https://api.github.com/repos//actions/secrets/public-key type=owner
[debug] [2022-11-26T16:17:44.041Z] <<< [apiv2][status] GET https://api.github.com/repos//actions/secrets/public-key 404
[debug] [2022-11-26T16:17:44.041Z] <<< [apiv2][body] GET https://api.github.com/repos//actions/secrets/public-key {"message":"Not Found","documentation_url":"https://docs.github.com/rest"}
[debug] [2022-11-26T16:17:45.522Z] >>> [apiv2][query] GET https://api.github.com/repos//actions/secrets/public-key type=owner
[debug] [2022-11-26T16:17:45.878Z] <<< [apiv2][status] GET https://api.github.com/repos//actions/secrets/public-key 404
[debug] [2022-11-26T16:17:45.879Z] <<< [apiv2][body] GET https://api.github.com/repos//actions/secrets/public-key {"message":"Not Found","documentation_url":"https://docs.github.com/rest"}
[debug] [2022-11-26T16:18:00.297Z] >>> [apiv2][query] GET https://api.github.com/repos/user/actions/secrets/public-key type=owner
[debug] [2022-11-26T16:18:00.719Z] <<< [apiv2][status] GET https://api.github.com/repos/user/actions/secrets/public-key 404
[debug] [2022-11-26T16:18:00.719Z] <<< [apiv2][body] GET https://api.github.com/repos/user/actions/secrets/public-key {"message":"Not Found","documentation_url":"https://docs.github.com/rest"}
[debug] [2022-11-26T16:18:04.271Z] >>> [apiv2][query] GET https://api.github.com/repos//actions/secrets/public-key type=owner
[debug] [2022-11-26T16:18:04.711Z] <<< [apiv2][status] GET https://api.github.com/repos//actions/secrets/public-key 404
[debug] [2022-11-26T16:18:04.711Z] <<< [apiv2][body] GET https://api.github.com/repos//actions/secrets/public-key {"message":"Not Found","documentation_url":"https://docs.github.com/rest"}
[debug] [2022-11-26T16:18:33.413Z] >>> [apiv2][query] GET https://api.github.com/repos/user/overstock-MERN-app/actions/secrets/public-key type=owner
[debug] [2022-11-26T16:18:33.959Z] <<< [apiv2][status] GET https://api.github.com/repos/user/overstock-MERN-app/actions/secrets/public-key 404
[debug] [2022-11-26T16:18:33.959Z] <<< [apiv2][body] GET https://api.github.com/repos/user/overstock-MERN-app/actions/secrets/public-key {"message":"Not Found","documentation_url":"https://docs.github.com/rest/reference/actions#get-a-repository-public-key"}
[debug] [2022-11-26T16:18:37.329Z] >>> [apiv2][query] GET https://api.github.com/repos/user/overstock-MERN-app/actions/secrets/public-key type=owner
[debug] [2022-11-26T16:18:37.817Z] <<< [apiv2][status] GET https://api.github.com/repos/user/overstock-MERN-app/actions/secrets/public-key 404
[debug] [2022-11-26T16:18:37.817Z] <<< [apiv2][body] GET https://api.github.com/repos/user/overstock-MERN-app/actions/secrets/public-key {"message":"Not Found","documentation_url":"https://docs.github.com/rest/reference/actions#get-a-repository-public-key"}
[debug] [2022-11-26T16:18:38.229Z] >>> [apiv2][query] GET https://api.github.com/repos/user/overstock-MERN-app/actions/secrets/public-key type=owner
[debug] [2022-11-26T16:18:38.415Z] >>> [apiv2][query] GET https://api.github.com/repos//actions/secrets/public-key type=owner
[debug] [2022-11-26T16:18:38.576Z] >>> [apiv2][query] GET https://api.github.com/repos//actions/secrets/public-key type=owner
[debug] [2022-11-26T16:18:38.736Z] >>> [apiv2][query] GET https://api.github.com/repos//actions/secrets/public-key type=owner
[debug] [2022-11-26T16:18:38.762Z] <<< [apiv2][status] GET https://api.github.com/repos/user/overstock-MERN-app/actions/secrets/public-key 404
[debug] [2022-11-26T16:18:38.762Z] <<< [apiv2][body] GET https://api.github.com/repos/user/overstock-MERN-app/actions/secrets/public-key {"message":"Not Found","documentation_url":"https://docs.github.com/rest/reference/actions#get-a-repository-public-key"}
[debug] [2022-11-26T16:18:38.866Z] <<< [apiv2][status] GET https://api.github.com/repos//actions/secrets/public-key 404
[debug] [2022-11-26T16:18:38.867Z] <<< [apiv2][body] GET https://api.github.com/repos//actions/secrets/public-key {"message":"Not Found","documentation_url":"https://docs.github.com/rest"}
[debug] [2022-11-26T16:18:38.998Z] <<< [apiv2][status] GET https://api.github.com/repos//actions/secrets/public-key 404
[debug] [2022-11-26T16:18:38.998Z] <<< [apiv2][body] GET https://api.github.com/repos//actions/secrets/public-key {"message":"Not Found","documentation_url":"https://docs.github.com/rest"}
[debug] [2022-11-26T16:18:39.575Z] <<< [apiv2][status] GET https://api.github.com/repos//actions/secrets/public-key 404
[debug] [2022-11-26T16:18:39.575Z] <<< [apiv2][body] GET https://api.github.com/repos//actions/secrets/public-key {"message":"Not Found","documentation_url":"https://docs.github.com/rest"}
[debug] [2022-11-26T16:18:40.418Z] >>> [apiv2][query] GET https://api.github.com/repos/user/overstock-MERN-app/actions/secrets/public-key type=owner
[debug] [2022-11-26T16:18:40.960Z] <<< [apiv2][status] GET https://api.github.com/repos/user/overstock-MERN-app/actions/secrets/public-key 404
[debug] [2022-11-26T16:18:40.960Z] <<< [apiv2][body] GET https://api.github.com/repos/user/overstock-MERN-app/actions/secrets/public-key {"message":"Not Found","documentation_url":"https://docs.github.com/rest/reference/actions#get-a-repository-public-key"}
[debug] [2022-11-26T16:19:42.785Z] >>> [apiv2][query] GET https://api.github.com/repos/user/cell-99/actions/secrets/public-key type=owner
[debug] [2022-11-26T16:19:43.322Z] <<< [apiv2][status] GET https://api.github.com/repos/user/cell-99/actions/secrets/public-key 404
[debug] [2022-11-26T16:19:43.323Z] <<< [apiv2][body] GET https://api.github.com/repos/user/cell-99/actions/secrets/public-key {"message":"Not Found","documentation_url":"https://docs.github.com/rest/reference/actions#get-a-repository-public-key"}
